{"E:\\Mega\\Software Development\\Microverse\\pair-todolist\\TodoList\\src\\modules\\listOfTasks.js": {"path":"E:\\Mega\\Software Development\\Microverse\\pair-todolist\\TodoList\\src\\modules\\listOfTasks.js","statementMap":{"0":{"start":{"line":4,"column":25},"end":{"line":4,"column":70}},"1":{"start":{"line":5,"column":0},"end":{"line":7,"column":1}},"2":{"start":{"line":6,"column":2},"end":{"line":6,"column":46}},"3":{"start":{"line":11,"column":4},"end":{"line":11,"column":31}},"4":{"start":{"line":16,"column":26},"end":{"line":16,"column":62}},"5":{"start":{"line":17,"column":4},"end":{"line":97,"column":5}},"6":{"start":{"line":18,"column":6},"end":{"line":21,"column":7}},"7":{"start":{"line":19,"column":8},"end":{"line":19,"column":37}},"8":{"start":{"line":20,"column":8},"end":{"line":20,"column":33}},"9":{"start":{"line":23,"column":6},"end":{"line":25,"column":7}},"10":{"start":{"line":24,"column":8},"end":{"line":24,"column":37}},"11":{"start":{"line":26,"column":6},"end":{"line":96,"column":9}},"12":{"start":{"line":28,"column":19},"end":{"line":28,"column":21}},"13":{"start":{"line":29,"column":23},"end":{"line":29,"column":25}},"14":{"start":{"line":30,"column":23},"end":{"line":30,"column":25}},"15":{"start":{"line":31,"column":22},"end":{"line":31,"column":24}},"16":{"start":{"line":33,"column":8},"end":{"line":33,"column":57}},"17":{"start":{"line":34,"column":8},"end":{"line":34,"column":60}},"18":{"start":{"line":36,"column":8},"end":{"line":36,"column":63}},"19":{"start":{"line":37,"column":8},"end":{"line":37,"column":62}},"20":{"start":{"line":38,"column":8},"end":{"line":38,"column":55}},"21":{"start":{"line":39,"column":8},"end":{"line":39,"column":63}},"22":{"start":{"line":41,"column":8},"end":{"line":44,"column":9}},"23":{"start":{"line":42,"column":10},"end":{"line":42,"column":66}},"24":{"start":{"line":43,"column":10},"end":{"line":43,"column":53}},"25":{"start":{"line":46,"column":8},"end":{"line":46,"column":60}},"26":{"start":{"line":47,"column":8},"end":{"line":47,"column":73}},"27":{"start":{"line":48,"column":8},"end":{"line":48,"column":68}},"28":{"start":{"line":49,"column":8},"end":{"line":49,"column":64}},"29":{"start":{"line":50,"column":8},"end":{"line":50,"column":65}},"30":{"start":{"line":51,"column":8},"end":{"line":51,"column":74}},"31":{"start":{"line":52,"column":8},"end":{"line":52,"column":53}},"32":{"start":{"line":53,"column":8},"end":{"line":53,"column":78}},"33":{"start":{"line":54,"column":8},"end":{"line":55,"column":56}},"34":{"start":{"line":56,"column":8},"end":{"line":56,"column":48}},"35":{"start":{"line":59,"column":8},"end":{"line":78,"column":11}},"36":{"start":{"line":61,"column":31},"end":{"line":61,"column":79}},"37":{"start":{"line":62,"column":10},"end":{"line":62,"column":66}},"38":{"start":{"line":63,"column":10},"end":{"line":63,"column":45}},"39":{"start":{"line":65,"column":10},"end":{"line":68,"column":13}},"40":{"start":{"line":66,"column":12},"end":{"line":66,"column":39}},"41":{"start":{"line":67,"column":12},"end":{"line":67,"column":43}},"42":{"start":{"line":71,"column":31},"end":{"line":71,"column":66}},"43":{"start":{"line":72,"column":10},"end":{"line":77,"column":13}},"44":{"start":{"line":73,"column":12},"end":{"line":76,"column":13}},"45":{"start":{"line":74,"column":14},"end":{"line":74,"column":72}},"46":{"start":{"line":75,"column":14},"end":{"line":75,"column":52}},"47":{"start":{"line":80,"column":8},"end":{"line":82,"column":11}},"48":{"start":{"line":81,"column":10},"end":{"line":81,"column":70}},"49":{"start":{"line":84,"column":8},"end":{"line":95,"column":11}},"50":{"start":{"line":85,"column":25},"end":{"line":85,"column":37}},"51":{"start":{"line":86,"column":10},"end":{"line":94,"column":11}},"52":{"start":{"line":87,"column":12},"end":{"line":87,"column":57}},"53":{"start":{"line":88,"column":12},"end":{"line":88,"column":95}},"54":{"start":{"line":89,"column":12},"end":{"line":89,"column":55}},"55":{"start":{"line":91,"column":12},"end":{"line":91,"column":59}},"56":{"start":{"line":92,"column":12},"end":{"line":92,"column":58}},"57":{"start":{"line":93,"column":12},"end":{"line":93,"column":95}},"58":{"start":{"line":101,"column":22},"end":{"line":101,"column":47}},"59":{"start":{"line":102,"column":17},"end":{"line":102,"column":61}},"60":{"start":{"line":103,"column":4},"end":{"line":103,"column":30}},"61":{"start":{"line":104,"column":4},"end":{"line":104,"column":70}},"62":{"start":{"line":108,"column":16},"end":{"line":108,"column":19}},"63":{"start":{"line":109,"column":4},"end":{"line":120,"column":5}},"64":{"start":{"line":110,"column":6},"end":{"line":110,"column":26}},"65":{"start":{"line":111,"column":6},"end":{"line":111,"column":72}},"66":{"start":{"line":112,"column":6},"end":{"line":112,"column":18}},"67":{"start":{"line":114,"column":6},"end":{"line":114,"column":36}},"68":{"start":{"line":115,"column":6},"end":{"line":117,"column":9}},"69":{"start":{"line":116,"column":8},"end":{"line":116,"column":29}},"70":{"start":{"line":118,"column":6},"end":{"line":118,"column":72}},"71":{"start":{"line":119,"column":6},"end":{"line":119,"column":18}},"72":{"start":{"line":124,"column":4},"end":{"line":126,"column":5}},"73":{"start":{"line":125,"column":6},"end":{"line":125,"column":56}},"74":{"start":{"line":127,"column":4},"end":{"line":129,"column":7}},"75":{"start":{"line":128,"column":6},"end":{"line":128,"column":27}},"76":{"start":{"line":130,"column":4},"end":{"line":130,"column":70}},"77":{"start":{"line":134,"column":4},"end":{"line":134,"column":43}},"78":{"start":{"line":135,"column":4},"end":{"line":135,"column":70}},"79":{"start":{"line":139,"column":4},"end":{"line":139,"column":24}},"80":{"start":{"line":140,"column":4},"end":{"line":140,"column":25}},"81":{"start":{"line":141,"column":4},"end":{"line":141,"column":29}},"82":{"start":{"line":144,"column":24},"end":{"line":151,"column":5}},"83":{"start":{"line":145,"column":6},"end":{"line":145,"column":87}},"84":{"start":{"line":145,"column":58},"end":{"line":145,"column":85}},"85":{"start":{"line":146,"column":6},"end":{"line":148,"column":9}},"86":{"start":{"line":147,"column":8},"end":{"line":147,"column":29}},"87":{"start":{"line":149,"column":6},"end":{"line":149,"column":72}},"88":{"start":{"line":150,"column":6},"end":{"line":150,"column":31}}},"fnMap":{"0":{"name":"(anonymous_0)","decl":{"start":{"line":10,"column":2},"end":{"line":10,"column":3}},"loc":{"start":{"line":10,"column":25},"end":{"line":12,"column":3}},"line":10},"1":{"name":"(anonymous_1)","decl":{"start":{"line":15,"column":2},"end":{"line":15,"column":3}},"loc":{"start":{"line":15,"column":9},"end":{"line":98,"column":3}},"line":15},"2":{"name":"(anonymous_2)","decl":{"start":{"line":26,"column":24},"end":{"line":26,"column":25}},"loc":{"start":{"line":26,"column":37},"end":{"line":96,"column":7}},"line":26},"3":{"name":"(anonymous_3)","decl":{"start":{"line":59,"column":56},"end":{"line":59,"column":57}},"loc":{"start":{"line":59,"column":62},"end":{"line":78,"column":9}},"line":59},"4":{"name":"(anonymous_4)","decl":{"start":{"line":65,"column":49},"end":{"line":65,"column":50}},"loc":{"start":{"line":65,"column":55},"end":{"line":68,"column":11}},"line":65},"5":{"name":"(anonymous_5)","decl":{"start":{"line":72,"column":31},"end":{"line":72,"column":32}},"loc":{"start":{"line":72,"column":46},"end":{"line":77,"column":11}},"line":72},"6":{"name":"(anonymous_6)","decl":{"start":{"line":80,"column":61},"end":{"line":80,"column":62}},"loc":{"start":{"line":80,"column":67},"end":{"line":82,"column":9}},"line":80},"7":{"name":"(anonymous_7)","decl":{"start":{"line":84,"column":56},"end":{"line":84,"column":57}},"loc":{"start":{"line":84,"column":62},"end":{"line":95,"column":9}},"line":84},"8":{"name":"(anonymous_8)","decl":{"start":{"line":100,"column":2},"end":{"line":100,"column":3}},"loc":{"start":{"line":100,"column":30},"end":{"line":105,"column":3}},"line":100},"9":{"name":"(anonymous_9)","decl":{"start":{"line":107,"column":2},"end":{"line":107,"column":3}},"loc":{"start":{"line":107,"column":14},"end":{"line":121,"column":3}},"line":107},"10":{"name":"(anonymous_10)","decl":{"start":{"line":115,"column":29},"end":{"line":115,"column":30}},"loc":{"start":{"line":115,"column":44},"end":{"line":117,"column":7}},"line":115},"11":{"name":"(anonymous_11)","decl":{"start":{"line":123,"column":2},"end":{"line":123,"column":3}},"loc":{"start":{"line":123,"column":27},"end":{"line":131,"column":3}},"line":123},"12":{"name":"(anonymous_12)","decl":{"start":{"line":127,"column":27},"end":{"line":127,"column":28}},"loc":{"start":{"line":127,"column":42},"end":{"line":129,"column":5}},"line":127},"13":{"name":"(anonymous_13)","decl":{"start":{"line":133,"column":2},"end":{"line":133,"column":3}},"loc":{"start":{"line":133,"column":27},"end":{"line":136,"column":3}},"line":133},"14":{"name":"(anonymous_14)","decl":{"start":{"line":138,"column":2},"end":{"line":138,"column":3}},"loc":{"start":{"line":138,"column":13},"end":{"line":142,"column":3}},"line":138},"15":{"name":"(anonymous_15)","decl":{"start":{"line":144,"column":24},"end":{"line":144,"column":25}},"loc":{"start":{"line":144,"column":30},"end":{"line":151,"column":5}},"line":144},"16":{"name":"(anonymous_16)","decl":{"start":{"line":145,"column":45},"end":{"line":145,"column":46}},"loc":{"start":{"line":145,"column":58},"end":{"line":145,"column":85}},"line":145},"17":{"name":"(anonymous_17)","decl":{"start":{"line":146,"column":29},"end":{"line":146,"column":30}},"loc":{"start":{"line":146,"column":44},"end":{"line":148,"column":7}},"line":146}},"branchMap":{"0":{"loc":{"start":{"line":5,"column":0},"end":{"line":7,"column":1}},"type":"if","locations":[{"start":{"line":5,"column":0},"end":{"line":7,"column":1}},{"start":{},"end":{}}],"line":5},"1":{"loc":{"start":{"line":17,"column":4},"end":{"line":97,"column":5}},"type":"if","locations":[{"start":{"line":17,"column":4},"end":{"line":97,"column":5}},{"start":{"line":22,"column":11},"end":{"line":97,"column":5}}],"line":17},"2":{"loc":{"start":{"line":18,"column":6},"end":{"line":21,"column":7}},"type":"if","locations":[{"start":{"line":18,"column":6},"end":{"line":21,"column":7}},{"start":{},"end":{}}],"line":18},"3":{"loc":{"start":{"line":23,"column":6},"end":{"line":25,"column":7}},"type":"if","locations":[{"start":{"line":23,"column":6},"end":{"line":25,"column":7}},{"start":{},"end":{}}],"line":23},"4":{"loc":{"start":{"line":41,"column":8},"end":{"line":44,"column":9}},"type":"if","locations":[{"start":{"line":41,"column":8},"end":{"line":44,"column":9}},{"start":{},"end":{}}],"line":41},"5":{"loc":{"start":{"line":73,"column":12},"end":{"line":76,"column":13}},"type":"if","locations":[{"start":{"line":73,"column":12},"end":{"line":76,"column":13}},{"start":{},"end":{}}],"line":73},"6":{"loc":{"start":{"line":86,"column":10},"end":{"line":94,"column":11}},"type":"if","locations":[{"start":{"line":86,"column":10},"end":{"line":94,"column":11}},{"start":{"line":90,"column":17},"end":{"line":94,"column":11}}],"line":86},"7":{"loc":{"start":{"line":109,"column":4},"end":{"line":120,"column":5}},"type":"if","locations":[{"start":{"line":109,"column":4},"end":{"line":120,"column":5}},{"start":{"line":113,"column":11},"end":{"line":120,"column":5}}],"line":109},"8":{"loc":{"start":{"line":124,"column":4},"end":{"line":126,"column":5}},"type":"if","locations":[{"start":{"line":124,"column":4},"end":{"line":126,"column":5}},{"start":{},"end":{}}],"line":124}},"s":{"0":1,"1":1,"2":1,"3":9,"4":2,"5":2,"6":2,"7":2,"8":2,"9":0,"10":0,"11":0,"12":0,"13":0,"14":0,"15":0,"16":0,"17":0,"18":0,"19":0,"20":0,"21":0,"22":0,"23":0,"24":0,"25":0,"26":0,"27":0,"28":0,"29":0,"30":0,"31":0,"32":0,"33":0,"34":0,"35":0,"36":0,"37":0,"38":0,"39":0,"40":0,"41":0,"42":0,"43":0,"44":0,"45":0,"46":0,"47":0,"48":0,"49":0,"50":0,"51":0,"52":0,"53":0,"54":0,"55":0,"56":0,"57":0,"58":21,"59":21,"60":21,"61":21,"62":2,"63":2,"64":0,"65":0,"66":0,"67":2,"68":2,"69":3,"70":2,"71":2,"72":1,"73":1,"74":1,"75":1,"76":1,"77":4,"78":4,"79":0,"80":0,"81":0,"82":9,"83":0,"84":0,"85":0,"86":0,"87":0,"88":0},"f":{"0":9,"1":2,"2":0,"3":0,"4":0,"5":0,"6":0,"7":0,"8":21,"9":2,"10":3,"11":1,"12":1,"13":4,"14":0,"15":0,"16":0,"17":0},"b":{"0":[1,0],"1":[2,0],"2":[2,0],"3":[0,0],"4":[0,0],"5":[0,0],"6":[0,0],"7":[0,2],"8":[1,0]},"_coverageSchema":"1a1c01bbd47fc00a2c39e90264f33305004495a9","hash":"053f6eb322f5c1e3ef2fcd1acbc23b2d3cddc451"}
,"E:\\Mega\\Software Development\\Microverse\\pair-todolist\\TodoList\\src\\modules\\status.js": {"path":"E:\\Mega\\Software Development\\Microverse\\pair-todolist\\TodoList\\src\\modules\\status.js","statementMap":{"0":{"start":{"line":3,"column":4},"end":{"line":3,"column":27}},"1":{"start":{"line":6,"column":14},"end":{"line":8,"column":5}},"2":{"start":{"line":7,"column":6},"end":{"line":7,"column":31}},"3":{"start":{"line":10,"column":16},"end":{"line":12,"column":5}},"4":{"start":{"line":11,"column":6},"end":{"line":11,"column":32}}},"fnMap":{"0":{"name":"(anonymous_0)","decl":{"start":{"line":2,"column":2},"end":{"line":2,"column":3}},"loc":{"start":{"line":2,"column":16},"end":{"line":4,"column":3}},"line":2},"1":{"name":"(anonymous_1)","decl":{"start":{"line":6,"column":14},"end":{"line":6,"column":15}},"loc":{"start":{"line":6,"column":27},"end":{"line":8,"column":5}},"line":6},"2":{"name":"(anonymous_2)","decl":{"start":{"line":10,"column":16},"end":{"line":10,"column":17}},"loc":{"start":{"line":10,"column":29},"end":{"line":12,"column":5}},"line":10}},"branchMap":{},"s":{"0":0,"1":0,"2":0,"3":0,"4":0},"f":{"0":0,"1":0,"2":0},"b":{},"_coverageSchema":"1a1c01bbd47fc00a2c39e90264f33305004495a9","hash":"9719e9d11520f323a55034175ebbbb7945d4e745"}
,"E:\\Mega\\Software Development\\Microverse\\pair-todolist\\TodoList\\src\\modules\\taks.js": {"path":"E:\\Mega\\Software Development\\Microverse\\pair-todolist\\TodoList\\src\\modules\\taks.js","statementMap":{"0":{"start":{"line":3,"column":4},"end":{"line":3,"column":35}},"1":{"start":{"line":4,"column":4},"end":{"line":4,"column":31}},"2":{"start":{"line":5,"column":4},"end":{"line":5,"column":23}}},"fnMap":{"0":{"name":"(anonymous_0)","decl":{"start":{"line":2,"column":2},"end":{"line":2,"column":3}},"loc":{"start":{"line":2,"column":53},"end":{"line":6,"column":3}},"line":2}},"branchMap":{"0":{"loc":{"start":{"line":2,"column":27},"end":{"line":2,"column":44}},"type":"default-arg","locations":[{"start":{"line":2,"column":39},"end":{"line":2,"column":44}}],"line":2}},"s":{"0":21,"1":21,"2":21},"f":{"0":21},"b":{"0":[0]},"_coverageSchema":"1a1c01bbd47fc00a2c39e90264f33305004495a9","hash":"1723717c73f319678ceec33f5843ba3754177bbf"}
}
