TN:
SF:src\modules\listOfTasks.js
FN:10,(anonymous_0)
FN:15,(anonymous_1)
FN:26,(anonymous_2)
FN:59,(anonymous_3)
FN:65,(anonymous_4)
FN:72,(anonymous_5)
FN:80,(anonymous_6)
FN:84,(anonymous_7)
FN:100,(anonymous_8)
FN:107,(anonymous_9)
FN:115,(anonymous_10)
FN:123,(anonymous_11)
FN:127,(anonymous_12)
FN:133,(anonymous_13)
FN:138,(anonymous_14)
FN:144,(anonymous_15)
FN:145,(anonymous_16)
FN:146,(anonymous_17)
FNF:18
FNH:11
FNDA:11,(anonymous_0)
FNDA:2,(anonymous_1)
FNDA:0,(anonymous_2)
FNDA:0,(anonymous_3)
FNDA:0,(anonymous_4)
FNDA:0,(anonymous_5)
FNDA:0,(anonymous_6)
FNDA:0,(anonymous_7)
FNDA:29,(anonymous_8)
FNDA:2,(anonymous_9)
FNDA:3,(anonymous_10)
FNDA:1,(anonymous_11)
FNDA:1,(anonymous_12)
FNDA:4,(anonymous_13)
FNDA:0,(anonymous_14)
FNDA:2,(anonymous_15)
FNDA:8,(anonymous_16)
FNDA:3,(anonymous_17)
DA:4,1
DA:5,1
DA:6,1
DA:11,11
DA:16,2
DA:17,2
DA:18,2
DA:19,0
DA:20,0
DA:23,0
DA:24,0
DA:26,0
DA:28,0
DA:29,0
DA:30,0
DA:31,0
DA:33,0
DA:34,0
DA:36,0
DA:37,0
DA:38,0
DA:39,0
DA:41,0
DA:42,0
DA:43,0
DA:46,0
DA:47,0
DA:48,0
DA:49,0
DA:50,0
DA:51,0
DA:52,0
DA:53,0
DA:54,0
DA:56,0
DA:59,0
DA:61,0
DA:62,0
DA:63,0
DA:65,0
DA:66,0
DA:67,0
DA:71,0
DA:72,0
DA:73,0
DA:74,0
DA:75,0
DA:80,0
DA:81,0
DA:84,0
DA:85,0
DA:86,0
DA:87,0
DA:88,0
DA:89,0
DA:91,0
DA:92,0
DA:93,0
DA:101,29
DA:102,29
DA:103,29
DA:104,29
DA:108,2
DA:109,2
DA:110,0
DA:111,0
DA:112,0
DA:114,2
DA:115,2
DA:116,3
DA:118,2
DA:119,2
DA:124,1
DA:125,1
DA:127,1
DA:128,1
DA:130,1
DA:134,4
DA:135,4
DA:139,0
DA:140,0
DA:141,0
DA:144,11
DA:145,8
DA:146,2
DA:147,3
DA:149,2
DA:150,2
LF:88
LH:31
BRDA:5,0,0,1
BRDA:5,0,1,0
BRDA:17,1,0,2
BRDA:17,1,1,0
BRDA:18,2,0,0
BRDA:18,2,1,2
BRDA:23,3,0,0
BRDA:23,3,1,0
BRDA:41,4,0,0
BRDA:41,4,1,0
BRDA:73,5,0,0
BRDA:73,5,1,0
BRDA:86,6,0,0
BRDA:86,6,1,0
BRDA:109,7,0,0
BRDA:109,7,1,2
BRDA:124,8,0,1
BRDA:124,8,1,0
BRF:18
BRH:5
end_of_record
TN:
SF:src\modules\status.js
FN:2,(anonymous_0)
FN:6,(anonymous_1)
FN:10,(anonymous_2)
FNF:3
FNH:0
FNDA:0,(anonymous_0)
FNDA:0,(anonymous_1)
FNDA:0,(anonymous_2)
DA:3,0
DA:6,0
DA:7,0
DA:10,0
DA:11,0
LF:5
LH:0
BRF:0
BRH:0
end_of_record
TN:
SF:src\modules\taks.js
FN:2,(anonymous_0)
FNF:1
FNH:1
FNDA:29,(anonymous_0)
DA:3,29
DA:4,29
DA:5,29
LF:3
LH:3
BRDA:2,0,0,0
BRF:1
BRH:0
end_of_record
